<?xml version="1.0" encoding="UTF-8"?>
<!-- Generated by org.testng.reporters.JUnitXMLReporter -->
<testsuite ignored="0" hostname="DESKTOP-MIQ0RBI" failures="0" tests="5" name="Test" time="158.904" errors="0" timestamp="2020-10-19T15:57:12 IST">
  <testcase classname="com.cleartrip.qa.testcases.LoginPageTest" name="loginPageTitleTest" time="0.022"/>
  <testcase classname="com.cleartrip.qa.testcases.LoginPageTest" name="loginTest" time="16.658"/>
  <testcase classname="com.cleartrip.qa.testcases.LoginPageTest" name="invalidloginTest" time="12.071"/>
  <testcase classname="com.cleartrip.qa.testcases.HotelSearchPageTest" name="searchTest" time="41.535"/>
  <testcase classname="com.cleartrip.qa.testcases.HotelSearchPageTest" name="invalidSearchTest" time="18.716"/>
</testsuite> <!-- Test -->
