<?xml version="1.0" encoding="UTF-8"?>
<testng-results ignored="0" total="5" passed="5" failed="0" skipped="0">
  <reporter-output>
  </reporter-output>
  <suite started-at="2020-10-19T15:54:33 IST" name="Suite" finished-at="2020-10-19T15:57:12 IST" duration-ms="158904">
    <groups>
    </groups>
    <test started-at="2020-10-19T15:54:33 IST" name="Test" finished-at="2020-10-19T15:57:12 IST" duration-ms="158904">
      <class name="com.cleartrip.qa.testcases.LoginPageTest">
        <test-method is-config="true" signature="setUp()[pri:0, instance:com.cleartrip.qa.testcases.LoginPageTest@25d250c6]" started-at="2020-10-19T15:54:33 IST" name="setUp" finished-at="2020-10-19T15:54:44 IST" duration-ms="10447" status="PASS">
          <reporter-output>
          </reporter-output>
        </test-method> <!-- setUp -->
        <test-method signature="loginPageTitleTest()[pri:1, instance:com.cleartrip.qa.testcases.LoginPageTest@25d250c6]" started-at="2020-10-19T15:54:44 IST" name="loginPageTitleTest" finished-at="2020-10-19T15:54:44 IST" duration-ms="22" status="PASS">
          <reporter-output>
          </reporter-output>
        </test-method> <!-- loginPageTitleTest -->
        <test-method is-config="true" signature="tearDown()[pri:0, instance:com.cleartrip.qa.testcases.LoginPageTest@25d250c6]" started-at="2020-10-19T15:54:44 IST" name="tearDown" finished-at="2020-10-19T15:54:44 IST" duration-ms="115" status="PASS">
          <reporter-output>
          </reporter-output>
        </test-method> <!-- tearDown -->
        <test-method is-config="true" signature="setUp()[pri:0, instance:com.cleartrip.qa.testcases.LoginPageTest@25d250c6]" started-at="2020-10-19T15:54:44 IST" name="setUp" finished-at="2020-10-19T15:54:54 IST" duration-ms="9667" status="PASS">
          <reporter-output>
          </reporter-output>
        </test-method> <!-- setUp -->
        <test-method signature="loginTest()[pri:2, instance:com.cleartrip.qa.testcases.LoginPageTest@25d250c6]" started-at="2020-10-19T15:54:54 IST" name="loginTest" finished-at="2020-10-19T15:55:10 IST" duration-ms="16658" status="PASS">
          <reporter-output>
          </reporter-output>
        </test-method> <!-- loginTest -->
        <test-method is-config="true" signature="tearDown()[pri:0, instance:com.cleartrip.qa.testcases.LoginPageTest@25d250c6]" started-at="2020-10-19T15:55:10 IST" name="tearDown" finished-at="2020-10-19T15:55:14 IST" duration-ms="4096" status="PASS">
          <reporter-output>
          </reporter-output>
        </test-method> <!-- tearDown -->
        <test-method is-config="true" signature="setUp()[pri:0, instance:com.cleartrip.qa.testcases.LoginPageTest@25d250c6]" started-at="2020-10-19T15:55:14 IST" name="setUp" finished-at="2020-10-19T15:55:24 IST" duration-ms="10125" status="PASS">
          <reporter-output>
          </reporter-output>
        </test-method> <!-- setUp -->
        <test-method signature="invalidloginTest()[pri:3, instance:com.cleartrip.qa.testcases.LoginPageTest@25d250c6]" started-at="2020-10-19T15:55:24 IST" name="invalidloginTest" finished-at="2020-10-19T15:55:37 IST" duration-ms="12071" status="PASS">
          <reporter-output>
          </reporter-output>
        </test-method> <!-- invalidloginTest -->
        <test-method is-config="true" signature="tearDown()[pri:0, instance:com.cleartrip.qa.testcases.LoginPageTest@25d250c6]" started-at="2020-10-19T15:55:37 IST" name="tearDown" finished-at="2020-10-19T15:55:41 IST" duration-ms="4349" status="PASS">
          <reporter-output>
          </reporter-output>
        </test-method> <!-- tearDown -->
      </class> <!-- com.cleartrip.qa.testcases.LoginPageTest -->
      <class name="com.cleartrip.qa.testcases.HotelSearchPageTest">
        <test-method is-config="true" signature="setUp()[pri:0, instance:com.cleartrip.qa.testcases.HotelSearchPageTest@4df50bcc]" started-at="2020-10-19T15:55:42 IST" name="setUp" finished-at="2020-10-19T15:55:52 IST" duration-ms="10407" status="PASS">
          <reporter-output>
          </reporter-output>
        </test-method> <!-- setUp -->
        <test-method signature="searchTest(java.lang.String, java.lang.String, java.lang.String)[pri:1, instance:com.cleartrip.qa.testcases.HotelSearchPageTest@4df50bcc]" started-at="2020-10-19T15:55:52 IST" name="searchTest" data-provider="getData" finished-at="2020-10-19T15:56:33 IST" duration-ms="41535" status="PASS">
          <params>
            <param index="0">
              <value>
                <![CDATA[Kolkata]]>
              </value>
            </param>
            <param index="1">
              <value>
                <![CDATA[22 October 2020]]>
              </value>
            </param>
            <param index="2">
              <value>
                <![CDATA[24 October 2020]]>
              </value>
            </param>
          </params>
          <reporter-output>
          </reporter-output>
        </test-method> <!-- searchTest -->
        <test-method is-config="true" signature="tearDown()[pri:0, instance:com.cleartrip.qa.testcases.HotelSearchPageTest@4df50bcc]" started-at="2020-10-19T15:56:33 IST" name="tearDown" finished-at="2020-10-19T15:56:38 IST" duration-ms="4358" status="PASS">
          <reporter-output>
          </reporter-output>
        </test-method> <!-- tearDown -->
        <test-method is-config="true" signature="setUp()[pri:0, instance:com.cleartrip.qa.testcases.HotelSearchPageTest@4df50bcc]" started-at="2020-10-19T15:56:38 IST" name="setUp" finished-at="2020-10-19T15:56:49 IST" duration-ms="11295" status="PASS">
          <reporter-output>
          </reporter-output>
        </test-method> <!-- setUp -->
        <test-method signature="invalidSearchTest()[pri:2, instance:com.cleartrip.qa.testcases.HotelSearchPageTest@4df50bcc]" started-at="2020-10-19T15:56:49 IST" name="invalidSearchTest" finished-at="2020-10-19T15:57:08 IST" duration-ms="18716" status="PASS">
          <reporter-output>
          </reporter-output>
        </test-method> <!-- invalidSearchTest -->
        <test-method is-config="true" signature="tearDown()[pri:0, instance:com.cleartrip.qa.testcases.HotelSearchPageTest@4df50bcc]" started-at="2020-10-19T15:57:08 IST" name="tearDown" finished-at="2020-10-19T15:57:12 IST" duration-ms="4331" status="PASS">
          <reporter-output>
          </reporter-output>
        </test-method> <!-- tearDown -->
      </class> <!-- com.cleartrip.qa.testcases.HotelSearchPageTest -->
    </test> <!-- Test -->
  </suite> <!-- Suite -->
</testng-results>
